<?xml version="1.0" encoding="UTF-8" ?>
<testsuite tests="6" failures="0" name="com.yape.apitest.basetemplate.YapeRunner" time="53.688" errors="0" skipped="0">
  <properties>
[...]
</properties>
  <testcase classname="[get] Yape Collection Get" name="[1:13] Booking - GetBooking" time="18.617"/>
  <testcase classname="[get] Yape Collection Get" name="[2:20] Ping - HealthCheck" time="2.535"/>
  <testcase classname="[posts] Yape Collection Post, Put, Patch, Delete" name="[1:14] Booking - CreateBooking" time="0.036"/>
  <testcase classname="[posts] Yape Collection Post, Put, Patch, Delete" name="[2:23] Booking - UpdateBooking" time="27.596"/>
  <testcase classname="[posts] Yape Collection Post, Put, Patch, Delete" name="[3:39] Booking - PartialUpdateBooking" time="2.266"/>
  <testcase classname="[posts] Yape Collection Post, Put, Patch, Delete" name="[4:55] Booking - DeleteBooking" time="2.638"/>
</testsuite>